<?xml version="1.0" encoding="UTF-8"?>
<testsuite name="com.synechisveltiosi.tms.TmsJavaApplicationTests" tests="1" skipped="0" failures="0" errors="0" timestamp="2024-10-15T16:50:28" hostname="192.168.1.140" time="0.353">
  <properties/>
  <testcase name="contextLoads()" classname="com.synechisveltiosi.tms.TmsJavaApplicationTests" time="0.353"/>
  <system-out><![CDATA[22:20:26.694 [Test worker] INFO org.springframework.test.context.support.AnnotationConfigContextLoaderUtils -- Could not detect default configuration classes for test class [com.synechisveltiosi.tms.TmsJavaApplicationTests]: TmsJavaApplicationTests does not declare any static, non-private, non-final, nested classes annotated with @Configuration.
22:20:26.742 [Test worker] INFO org.springframework.boot.test.context.SpringBootTestContextBootstrapper -- Found @SpringBootConfiguration com.synechisveltiosi.tms.TmsJavaApplication for test class com.synechisveltiosi.tms.TmsJavaApplicationTests

  .   ____          _            __ _ _
 /\\ / ___'_ __ _ _(_)_ __  __ _ \ \ \ \
( ( )\___ | '_ | '_| | '_ \/ _` | \ \ \ \
 \\/  ___)| |_)| | | | | || (_| |  ) ) ) )
  '  |____| .__|_| |_|_| |_\__, | / / / /
 =========|_|==============|___/=/_/_/_/

 :: Spring Boot ::                (v3.3.4)

2024-10-15T22:20:26.908+05:30  INFO 13075 --- [tms-java] [    Test worker] c.s.tms.TmsJavaApplicationTests          : Starting TmsJavaApplicationTests using Java 17.0.11 with PID 13075 (started by tanyagupta in /Users/tanyagupta/Downloads/tms-java)
2024-10-15T22:20:26.909+05:30  INFO 13075 --- [tms-java] [    Test worker] c.s.tms.TmsJavaApplicationTests          : No active profile set, falling back to 1 default profile: "default"
2024-10-15T22:20:27.192+05:30  INFO 13075 --- [tms-java] [    Test worker] .s.d.r.c.RepositoryConfigurationDelegate : Bootstrapping Spring Data JPA repositories in DEFAULT mode.
2024-10-15T22:20:27.214+05:30  INFO 13075 --- [tms-java] [    Test worker] .s.d.r.c.RepositoryConfigurationDelegate : Finished Spring Data repository scanning in 18 ms. Found 1 JPA repository interface.
2024-10-15T22:20:27.405+05:30  INFO 13075 --- [tms-java] [    Test worker] com.zaxxer.hikari.HikariDataSource       : HikariPool-1 - Starting...
2024-10-15T22:20:27.491+05:30  INFO 13075 --- [tms-java] [    Test worker] com.zaxxer.hikari.pool.HikariPool        : HikariPool-1 - Added connection conn0: url=jdbc:h2:mem:1ff7acb1-d950-4117-a6a2-7916f8e304c7 user=SA
2024-10-15T22:20:27.492+05:30  INFO 13075 --- [tms-java] [    Test worker] com.zaxxer.hikari.HikariDataSource       : HikariPool-1 - Start completed.
2024-10-15T22:20:27.516+05:30  INFO 13075 --- [tms-java] [    Test worker] o.hibernate.jpa.internal.util.LogHelper  : HHH000204: Processing PersistenceUnitInfo [name: default]
2024-10-15T22:20:27.548+05:30  INFO 13075 --- [tms-java] [    Test worker] org.hibernate.Version                    : HHH000412: Hibernate ORM core version 6.5.3.Final
2024-10-15T22:20:27.563+05:30  INFO 13075 --- [tms-java] [    Test worker] o.h.c.internal.RegionFactoryInitiator    : HHH000026: Second-level cache disabled
2024-10-15T22:20:27.696+05:30  INFO 13075 --- [tms-java] [    Test worker] o.s.o.j.p.SpringPersistenceUnitInfo      : No LoadTimeWeaver setup: ignoring JPA class transformer
2024-10-15T22:20:28.072+05:30  INFO 13075 --- [tms-java] [    Test worker] o.h.e.t.j.p.i.JtaPlatformInitiator       : HHH000489: No JTA platform available (set 'hibernate.transaction.jta.platform' to enable JTA platform integration)
2024-10-15T22:20:28.087+05:30  INFO 13075 --- [tms-java] [    Test worker] j.LocalContainerEntityManagerFactoryBean : Initialized JPA EntityManagerFactory for persistence unit 'default'
2024-10-15T22:20:28.234+05:30  WARN 13075 --- [tms-java] [    Test worker] JpaBaseConfiguration$JpaWebConfiguration : spring.jpa.open-in-view is enabled by default. Therefore, database queries may be performed during view rendering. Explicitly configure spring.jpa.open-in-view to disable this warning
2024-10-15T22:20:28.246+05:30  INFO 13075 --- [tms-java] [    Test worker] r$InitializeUserDetailsManagerConfigurer : Global AuthenticationManager configured with UserDetailsService bean with name userService
2024-10-15T22:20:28.532+05:30  INFO 13075 --- [tms-java] [    Test worker] c.s.tms.TmsJavaApplicationTests          : Started TmsJavaApplicationTests in 1.723 seconds (process running for 2.192)
]]></system-out>
  <system-err><![CDATA[]]></system-err>
</testsuite>
